-------------------------------------------------------------------------------
Test set: pr2.org.AppTest
-------------------------------------------------------------------------------
Tests run: 14, Failures: 1, Errors: 0, Skipped: 0, Time elapsed: 0.073 s <<< FAILURE! - in pr2.org.AppTest
onePathFindsAPath(pr2.org.AppTest)  Time elapsed: 0.01 s  <<< FAILURE!
java.lang.AssertionError: expected:<[1, 5, 6, 4]> but was:<[1, 1, 1]>
	at pr2.org.AppTest.onePathFindsAPath(AppTest.java:144)

