<?xml version="1.0" encoding="UTF-8"?>
<testsuite xmlns:xsi="http://www.w3.org/2001/XMLSchema-instance" xsi:noNamespaceSchemaLocation="https://maven.apache.org/surefire/maven-surefire-plugin/xsd/surefire-test-report.xsd" name="pr2.org.AppTest" time="0.067" tests="3" errors="0" skipped="0" failures="1">
  <properties>
[...]
</properties>
  <testcase name="shouldAnswerWithTrue" classname="pr2.org.AppTest" time="0.002"/>
  <testcase name="myGraphExists" classname="pr2.org.AppTest" time="0.004">
    <failure type="java.lang.AssertionError">java.lang.AssertionError
	at pr2.org.AppTest.myGraphExists(AppTest.java:25)
</failure>
  </testcase>
  <testcase name="setup" classname="pr2.org.AppTest" time="0"/>
</testsuite>